<?xml version="1.0" encoding="UTF-8"?>
<testng-results ignored="0" total="1" passed="1" failed="0" skipped="0">
  <reporter-output>
    <line>
      <![CDATA[>>>>>>>>>>>>>hey meghana >>>>>>>>>>>>>>]]>
    </line>
  </reporter-output>
  <suite started-at="2025-12-03T15:51:57 IST" name="Default suite" finished-at="2025-12-03T15:51:57 IST" duration-ms="96">
    <groups>
    </groups>
    <test started-at="2025-12-03T15:51:57 IST" name="Default test" finished-at="2025-12-03T15:51:57 IST" duration-ms="96">
      <class name="Package1.Class3test">
        <test-method signature="class1()[pri:0, instance:Package1.Class3test@2e005c4b]" started-at="2025-12-03T15:51:57 IST" name="class1" finished-at="2025-12-03T15:51:57 IST" duration-ms="16" status="PASS">
          <reporter-output>
            <line>
              <![CDATA[>>>>>>>>>>>>>hey meghana >>>>>>>>>>>>>>]]>
            </line>
          </reporter-output>
        </test-method> <!-- class1 -->
      </class> <!-- Package1.Class3test -->
    </test> <!-- Default test -->
  </suite> <!-- Default suite -->
</testng-results>
