<?xml version="1.0" encoding="UTF-8"?>
<!-- Generated by org.testng.reporters.JUnitReportReporter -->
<testsuite hostname="shantha" failures="0" tests="1" name="Package1.Class1" time="0.012" errors="0" timestamp="2025-12-03T14:28:24 IST" skipped="0">
  <testcase classname="Package1.Class1" name="class1" time="0.012">
    <system-out>
      <![CDATA[>>>>>>>>>>>>>hey meghana chinnu>>>>>>>>>>>>>>]]>
    </system-out>
  </testcase> <!-- class1 -->
  <system-out>
    <![CDATA[>>>>>>>>>>>>>hey meghana chinnu>>>>>>>>>>>>>>]]>
  </system-out>
</testsuite> <!-- Package1.Class1 -->
