<?xml version="1.0" encoding="UTF-8"?>
<!-- Generated by org.testng.reporters.JUnitReportReporter -->
<testsuite hostname="shantha" failures="0" tests="1" name="Package1.Class3test" time="0.016" errors="0" timestamp="2025-12-03T15:51:58 IST" skipped="0">
  <testcase classname="Package1.Class3test" name="class1" time="0.016">
    <system-out>
      <![CDATA[>>>>>>>>>>>>>hey meghana >>>>>>>>>>>>>>]]>
    </system-out>
  </testcase> <!-- class1 -->
  <system-out>
    <![CDATA[>>>>>>>>>>>>>hey meghana >>>>>>>>>>>>>>]]>
  </system-out>
</testsuite> <!-- Package1.Class3test -->
